build/app/intermediates/manifest_merge_blame_file/debug/manifest-merger-blame-debug-report.txt
1<?xml version="1.0" encoding="utf-8"?>
2<manifest xmlns:android="http://schemas.android.com/apk/res/android"
3    package="com.example.skype_clone"
4    android:versionCode="1"
5    android:versionName="1.0" >
6
7    <uses-sdk
8        android:minSdkVersion="16"
9        android:targetSdkVersion="29" />
10    <!--
11         Flutter needs it to communicate with the running application
12         to allow setting breakpoints, to provide hot reload, etc.
13    -->
14    <uses-permission android:name="android.permission.INTERNET" />
14-->src\main\AndroidManifest.xml:5:1-63
14-->src\main\AndroidManifest.xml:5:18-60
15    <uses-permission android:name="android.permission.READ_PHONE_STATE" />
15-->src\main\AndroidManifest.xml:4:2-71
15-->src\main\AndroidManifest.xml:4:19-69
16    <uses-permission android:name="android.permission.RECORD_AUDIO" />
16-->src\main\AndroidManifest.xml:6:1-67
16-->src\main\AndroidManifest.xml:6:18-64
17    <uses-permission android:name="android.permission.CAMERA" />
17-->src\main\AndroidManifest.xml:7:1-61
17-->src\main\AndroidManifest.xml:7:18-58
18    <uses-permission android:name="android.permission.MODIFY_AUDIO_SETTINGS" />
18-->src\main\AndroidManifest.xml:8:1-76
18-->src\main\AndroidManifest.xml:8:18-73
19    <uses-permission android:name="android.permission.ACCESS_NETWORK_STATE" /> <!-- The Agora SDK requires Bluetooth permissions in case users are using Bluetooth devices. -->
19-->src\main\AndroidManifest.xml:9:1-75
19-->src\main\AndroidManifest.xml:9:18-72
20    <uses-permission android:name="android.permission.BLUETOOTH" />
20-->src\main\AndroidManifest.xml:12:1-64
20-->src\main\AndroidManifest.xml:12:18-61
21    <uses-permission android:name="android.permission.READ_EXTERNAL_STORAGE" />
21-->[:image_picker] AndroidManifest.xml:7:5-80
21-->[:image_picker] AndroidManifest.xml:7:22-77
22    <uses-permission android:name="android.permission.WRITE_EXTERNAL_STORAGE" />
22-->[:image_picker] AndroidManifest.xml:8:5-81
22-->[:image_picker] AndroidManifest.xml:8:22-78
23    <!--
24 io.flutter.app.FlutterApplication is an android.app.Application that
25         calls FlutterMain.startInitialization(this); in its onCreate method.
26         In most cases you can leave this as-is, but you if you want to provide
27         additional functionality it is fine to subclass or reimplement
28         FlutterApplication and put your custom class here.
29    -->
30    <application
30-->src\main\AndroidManifest.xml:20:4-57:19
31        android:name="androidx.multidex.MultiDexApplication"
32        android:appComponentFactory="androidx.core.app.CoreComponentFactory"
32-->[androidx.core:core:1.1.0] AndroidManifest.xml:24:18-86
33        android:debuggable="true"
34        android:icon="@mipmap/ic_launcher"
34-->src\main\AndroidManifest.xml:22:9-43
35        android:label="skype_clone" >
35-->src\main\AndroidManifest.xml:21:9-36
36        <activity
36-->src\main\AndroidManifest.xml:23:9-51:20
37            android:name="com.example.skype_clone.MainActivity"
37-->src\main\AndroidManifest.xml:24:13-41
38            android:configChanges="orientation|keyboardHidden|keyboard|screenSize|smallestScreenSize|locale|layoutDirection|fontScale|screenLayout|density|uiMode"
38-->src\main\AndroidManifest.xml:27:13-163
39            android:hardwareAccelerated="true"
39-->src\main\AndroidManifest.xml:28:13-47
40            android:launchMode="singleTop"
40-->src\main\AndroidManifest.xml:25:13-43
41            android:theme="@style/LaunchTheme"
41-->src\main\AndroidManifest.xml:26:13-47
42            android:windowSoftInputMode="adjustResize" >
42-->src\main\AndroidManifest.xml:29:13-55
43
44            <!--
45                 Specifies an Android theme to apply to this Activity as soon as
46                 the Android process has started. This theme is visible to the user
47                 while the Flutter UI initializes. After that, this theme continues
48                 to determine the Window background behind the Flutter UI.
49            -->
50            <meta-data
50-->src\main\AndroidManifest.xml:34:13-37:17
51                android:name="io.flutter.embedding.android.NormalTheme"
51-->src\main\AndroidManifest.xml:35:15-70
52                android:resource="@style/NormalTheme" />
52-->src\main\AndroidManifest.xml:36:15-52
53            <!--
54                 Displays an Android View that continues showing the launch screen
55                 Drawable until Flutter paints its first frame, then this splash
56                 screen fades out. A splash screen is useful to avoid any visual
57                 gap between the end of Android's launch screen and the painting of
58                 Flutter's first frame.
59            -->
60            <meta-data
60-->src\main\AndroidManifest.xml:43:13-46:17
61                android:name="io.flutter.embedding.android.SplashScreenDrawable"
61-->src\main\AndroidManifest.xml:44:15-79
62                android:resource="@drawable/launch_background" />
62-->src\main\AndroidManifest.xml:45:15-61
63
64            <intent-filter>
64-->src\main\AndroidManifest.xml:47:13-50:29
65                <action android:name="android.intent.action.MAIN" />
65-->src\main\AndroidManifest.xml:48:17-68
65-->src\main\AndroidManifest.xml:48:25-66
66
67                <category android:name="android.intent.category.LAUNCHER" />
67-->src\main\AndroidManifest.xml:49:17-76
67-->src\main\AndroidManifest.xml:49:27-74
68            </intent-filter>
69        </activity>
70        <!--
71             Don't delete the meta-data below.
72             This is used by the Flutter tool to generate GeneratedPluginRegistrant.java
73        -->
74        <meta-data
74-->src\main\AndroidManifest.xml:54:9-56:33
75            android:name="flutterEmbedding"
75-->src\main\AndroidManifest.xml:55:13-44
76            android:value="2" />
76-->src\main\AndroidManifest.xml:56:13-30
77
78        <service
78-->[:firebase_storage] AndroidManifest.xml:8:9-12:19
79            android:name="com.google.firebase.components.ComponentDiscoveryService"
79-->[:firebase_storage] AndroidManifest.xml:8:18-89
80            android:directBootAware="true"
80-->[com.google.firebase:firebase-common:19.4.0] AndroidManifest.xml:35:13-43
81            android:exported="false" >
81-->[com.google.firebase:firebase-auth:20.0.1] AndroidManifest.xml:76:13-37
82            <meta-data
82-->[:firebase_storage] AndroidManifest.xml:9:13-11:85
83                android:name="com.google.firebase.components:io.flutter.plugins.firebase.storage.FlutterFirebaseAppRegistrar"
83-->[:firebase_storage] AndroidManifest.xml:10:17-126
84                android:value="com.google.firebase.components.ComponentRegistrar" />
84-->[:firebase_storage] AndroidManifest.xml:11:17-82
85            <meta-data
85-->[:cloud_firestore] AndroidManifest.xml:9:13-11:85
86                android:name="com.google.firebase.components:io.flutter.plugins.firebase.cloudfirestore.FlutterFirebaseAppRegistrar"
86-->[:cloud_firestore] AndroidManifest.xml:10:17-133
87                android:value="com.google.firebase.components.ComponentRegistrar" />
87-->[:cloud_firestore] AndroidManifest.xml:11:17-82
88            <meta-data
88-->[:firebase_auth] AndroidManifest.xml:9:13-11:85
89                android:name="com.google.firebase.components:io.flutter.plugins.firebaseauth.FlutterFirebaseAppRegistrar"
89-->[:firebase_auth] AndroidManifest.xml:10:17-122
90                android:value="com.google.firebase.components.ComponentRegistrar" />
90-->[:firebase_auth] AndroidManifest.xml:11:17-82
91            <meta-data
91-->[:firebase_core] AndroidManifest.xml:9:13-11:85
92                android:name="com.google.firebase.components:io.flutter.plugins.firebase.core.FlutterFirebaseAppRegistrar"
92-->[:firebase_core] AndroidManifest.xml:10:17-123
93                android:value="com.google.firebase.components.ComponentRegistrar" />
93-->[:firebase_core] AndroidManifest.xml:11:17-82
94            <meta-data
94-->[com.google.firebase:firebase-auth:20.0.1] AndroidManifest.xml:77:13-79:85
95                android:name="com.google.firebase.components:com.google.firebase.auth.FirebaseAuthRegistrar"
95-->[com.google.firebase:firebase-auth:20.0.1] AndroidManifest.xml:78:17-109
96                android:value="com.google.firebase.components.ComponentRegistrar" />
96-->[com.google.firebase:firebase-auth:20.0.1] AndroidManifest.xml:79:17-82
97            <meta-data
97-->[com.google.firebase:firebase-storage:19.2.0] AndroidManifest.xml:33:13-35:85
98                android:name="com.google.firebase.components:com.google.firebase.storage.StorageRegistrar"
98-->[com.google.firebase:firebase-storage:19.2.0] AndroidManifest.xml:34:17-107
99                android:value="com.google.firebase.components.ComponentRegistrar" />
99-->[com.google.firebase:firebase-storage:19.2.0] AndroidManifest.xml:35:17-82
100            <meta-data
100-->[com.google.firebase:firebase-firestore:22.0.0] AndroidManifest.xml:20:13-22:85
101                android:name="com.google.firebase.components:com.google.firebase.firestore.FirestoreRegistrar"
101-->[com.google.firebase:firebase-firestore:22.0.0] AndroidManifest.xml:21:17-111
102                android:value="com.google.firebase.components.ComponentRegistrar" />
102-->[com.google.firebase:firebase-firestore:22.0.0] AndroidManifest.xml:22:17-82
103        </service>
104
105        <provider
105-->[:image_picker] AndroidManifest.xml:11:9-19:20
106            android:name="io.flutter.plugins.imagepicker.ImagePickerFileProvider"
106-->[:image_picker] AndroidManifest.xml:12:13-82
107            android:authorities="com.example.skype_clone.flutter.image_provider"
107-->[:image_picker] AndroidManifest.xml:13:13-74
108            android:exported="false"
108-->[:image_picker] AndroidManifest.xml:14:13-37
109            android:grantUriPermissions="true" >
109-->[:image_picker] AndroidManifest.xml:15:13-47
110            <meta-data
110-->[:image_picker] AndroidManifest.xml:16:13-18:75
111                android:name="android.support.FILE_PROVIDER_PATHS"
111-->[:image_picker] AndroidManifest.xml:17:17-67
112                android:resource="@xml/flutter_image_picker_file_paths" />
112-->[:image_picker] AndroidManifest.xml:18:17-72
113        </provider>
114
115        <activity
115-->[com.google.firebase:firebase-auth:20.0.1] AndroidManifest.xml:27:9-44:20
116            android:name="com.google.firebase.auth.internal.GenericIdpActivity"
116-->[com.google.firebase:firebase-auth:20.0.1] AndroidManifest.xml:28:13-80
117            android:excludeFromRecents="true"
117-->[com.google.firebase:firebase-auth:20.0.1] AndroidManifest.xml:29:13-46
118            android:exported="true"
118-->[com.google.firebase:firebase-auth:20.0.1] AndroidManifest.xml:30:13-36
119            android:launchMode="singleTask"
119-->[com.google.firebase:firebase-auth:20.0.1] AndroidManifest.xml:31:13-44
120            android:theme="@android:style/Theme.Translucent.NoTitleBar" >
120-->[com.google.firebase:firebase-auth:20.0.1] AndroidManifest.xml:32:13-72
121            <intent-filter>
121-->[com.google.firebase:firebase-auth:20.0.1] AndroidManifest.xml:33:13-43:29
122                <action android:name="android.intent.action.VIEW" />
122-->[com.google.firebase:firebase-auth:20.0.1] AndroidManifest.xml:34:17-69
122-->[com.google.firebase:firebase-auth:20.0.1] AndroidManifest.xml:34:25-66
123
124                <category android:name="android.intent.category.DEFAULT" />
124-->[com.google.firebase:firebase-auth:20.0.1] AndroidManifest.xml:36:17-76
124-->[com.google.firebase:firebase-auth:20.0.1] AndroidManifest.xml:36:27-73
125                <category android:name="android.intent.category.BROWSABLE" />
125-->[com.google.firebase:firebase-auth:20.0.1] AndroidManifest.xml:37:17-78
125-->[com.google.firebase:firebase-auth:20.0.1] AndroidManifest.xml:37:27-75
126
127                <data
127-->[com.google.firebase:firebase-auth:20.0.1] AndroidManifest.xml:39:17-42:51
128                    android:host="firebase.auth"
128-->[com.google.firebase:firebase-auth:20.0.1] AndroidManifest.xml:40:21-49
129                    android:path="/"
129-->[com.google.firebase:firebase-auth:20.0.1] AndroidManifest.xml:41:21-37
130                    android:scheme="genericidp" />
130-->[com.google.firebase:firebase-auth:20.0.1] AndroidManifest.xml:42:21-48
131            </intent-filter>
132        </activity>
133        <activity
133-->[com.google.firebase:firebase-auth:20.0.1] AndroidManifest.xml:45:9-62:20
134            android:name="com.google.firebase.auth.internal.RecaptchaActivity"
134-->[com.google.firebase:firebase-auth:20.0.1] AndroidManifest.xml:46:13-79
135            android:excludeFromRecents="true"
135-->[com.google.firebase:firebase-auth:20.0.1] AndroidManifest.xml:47:13-46
136            android:exported="true"
136-->[com.google.firebase:firebase-auth:20.0.1] AndroidManifest.xml:48:13-36
137            android:launchMode="singleTask"
137-->[com.google.firebase:firebase-auth:20.0.1] AndroidManifest.xml:49:13-44
138            android:theme="@android:style/Theme.Translucent.NoTitleBar" >
138-->[com.google.firebase:firebase-auth:20.0.1] AndroidManifest.xml:50:13-72
139            <intent-filter>
139-->[com.google.firebase:firebase-auth:20.0.1] AndroidManifest.xml:51:13-61:29
140                <action android:name="android.intent.action.VIEW" />
140-->[com.google.firebase:firebase-auth:20.0.1] AndroidManifest.xml:34:17-69
140-->[com.google.firebase:firebase-auth:20.0.1] AndroidManifest.xml:34:25-66
141
142                <category android:name="android.intent.category.DEFAULT" />
142-->[com.google.firebase:firebase-auth:20.0.1] AndroidManifest.xml:36:17-76
142-->[com.google.firebase:firebase-auth:20.0.1] AndroidManifest.xml:36:27-73
143                <category android:name="android.intent.category.BROWSABLE" />
143-->[com.google.firebase:firebase-auth:20.0.1] AndroidManifest.xml:37:17-78
143-->[com.google.firebase:firebase-auth:20.0.1] AndroidManifest.xml:37:27-75
144
145                <data
145-->[com.google.firebase:firebase-auth:20.0.1] AndroidManifest.xml:39:17-42:51
146                    android:host="firebase.auth"
146-->[com.google.firebase:firebase-auth:20.0.1] AndroidManifest.xml:40:21-49
147                    android:path="/"
147-->[com.google.firebase:firebase-auth:20.0.1] AndroidManifest.xml:41:21-37
148                    android:scheme="recaptcha" />
148-->[com.google.firebase:firebase-auth:20.0.1] AndroidManifest.xml:42:21-48
149            </intent-filter>
150        </activity>
151
152        <service
152-->[com.google.firebase:firebase-auth:20.0.1] AndroidManifest.xml:64:9-73:19
153            android:name="com.google.firebase.auth.api.fallback.service.FirebaseAuthFallbackService"
153-->[com.google.firebase:firebase-auth:20.0.1] AndroidManifest.xml:65:13-101
154            android:enabled="true"
154-->[com.google.firebase:firebase-auth:20.0.1] AndroidManifest.xml:66:13-35
155            android:exported="false" >
155-->[com.google.firebase:firebase-auth:20.0.1] AndroidManifest.xml:67:13-37
156            <intent-filter>
156-->[com.google.firebase:firebase-auth:20.0.1] AndroidManifest.xml:68:13-72:29
157                <action android:name="com.google.firebase.auth.api.gms.service.START" />
157-->[com.google.firebase:firebase-auth:20.0.1] AndroidManifest.xml:69:17-89
157-->[com.google.firebase:firebase-auth:20.0.1] AndroidManifest.xml:69:25-86
158
159                <category android:name="android.intent.category.DEFAULT" />
159-->[com.google.firebase:firebase-auth:20.0.1] AndroidManifest.xml:36:17-76
159-->[com.google.firebase:firebase-auth:20.0.1] AndroidManifest.xml:36:27-73
160            </intent-filter>
161        </service>
162
163        <activity
163-->[com.google.android.gms:play-services-auth:16.0.1] AndroidManifest.xml:23:9-27:75
164            android:name="com.google.android.gms.auth.api.signin.internal.SignInHubActivity"
164-->[com.google.android.gms:play-services-auth:16.0.1] AndroidManifest.xml:24:13-93
165            android:excludeFromRecents="true"
165-->[com.google.android.gms:play-services-auth:16.0.1] AndroidManifest.xml:25:13-46
166            android:exported="false"
166-->[com.google.android.gms:play-services-auth:16.0.1] AndroidManifest.xml:26:13-37
167            android:theme="@android:style/Theme.Translucent.NoTitleBar" />
167-->[com.google.android.gms:play-services-auth:16.0.1] AndroidManifest.xml:27:13-72
168        <!--
169            Service handling Google Sign-In user revocation. For apps that do not integrate with
170            Google Sign-In, this service will never be started.
171        -->
172        <service
172-->[com.google.android.gms:play-services-auth:16.0.1] AndroidManifest.xml:33:9-36:110
173            android:name="com.google.android.gms.auth.api.signin.RevocationBoundService"
173-->[com.google.android.gms:play-services-auth:16.0.1] AndroidManifest.xml:34:13-89
174            android:exported="true"
174-->[com.google.android.gms:play-services-auth:16.0.1] AndroidManifest.xml:35:13-36
175            android:permission="com.google.android.gms.auth.api.signin.permission.REVOCATION_NOTIFICATION" />
175-->[com.google.android.gms:play-services-auth:16.0.1] AndroidManifest.xml:36:13-107
176
177        <activity
177-->[com.google.android.gms:play-services-base:17.1.0] AndroidManifest.xml:23:9-26:75
178            android:name="com.google.android.gms.common.api.GoogleApiActivity"
178-->[com.google.android.gms:play-services-base:17.1.0] AndroidManifest.xml:24:13-79
179            android:exported="false"
179-->[com.google.android.gms:play-services-base:17.1.0] AndroidManifest.xml:25:13-37
180            android:theme="@android:style/Theme.Translucent.NoTitleBar" />
180-->[com.google.android.gms:play-services-base:17.1.0] AndroidManifest.xml:26:13-72
181
182        <provider
182-->[com.google.firebase:firebase-common:19.4.0] AndroidManifest.xml:26:9-31:39
183            android:name="com.google.firebase.provider.FirebaseInitProvider"
183-->[com.google.firebase:firebase-common:19.4.0] AndroidManifest.xml:27:13-77
184            android:authorities="com.example.skype_clone.firebaseinitprovider"
184-->[com.google.firebase:firebase-common:19.4.0] AndroidManifest.xml:28:13-72
185            android:directBootAware="true"
185-->[com.google.firebase:firebase-common:19.4.0] AndroidManifest.xml:29:13-43
186            android:exported="false"
186-->[com.google.firebase:firebase-common:19.4.0] AndroidManifest.xml:30:13-37
187            android:initOrder="100" />
187-->[com.google.firebase:firebase-common:19.4.0] AndroidManifest.xml:31:13-36
188
189        <meta-data
189-->[com.google.android.gms:play-services-basement:17.1.0] AndroidManifest.xml:23:9-25:69
190            android:name="com.google.android.gms.version"
190-->[com.google.android.gms:play-services-basement:17.1.0] AndroidManifest.xml:24:13-58
191            android:value="@integer/google_play_services_version" />
191-->[com.google.android.gms:play-services-basement:17.1.0] AndroidManifest.xml:25:13-66
192    </application>
193
194</manifest>